<html>
<head>
<title>TestNG:  Cucumber Tests</title>
<link href="../testng.css" rel="stylesheet" type="text/css" />
<link href="../my-testng.css" rel="stylesheet" type="text/css" />

<style type="text/css">
.log { display: none;} 
.stack-trace { display: none;} 
</style>
<script type="text/javascript">
<!--
function flip(e) {
  current = e.style.display;
  if (current == 'block') {
    e.style.display = 'none';
    return 0;
  }
  else {
    e.style.display = 'block';
    return 1;
  }
}

function toggleBox(szDivId, elem, msg1, msg2)
{
  var res = -1;  if (document.getElementById) {
    res = flip(document.getElementById(szDivId));
  }
  else if (document.all) {
    // this is the way old msie versions work
    res = flip(document.all[szDivId]);
  }
  if(elem) {
    if(res == 0) elem.innerHTML = msg1; else elem.innerHTML = msg2;
  }

}

function toggleAllBoxes() {
  if (document.getElementsByTagName) {
    d = document.getElementsByTagName('div');
    for (i = 0; i < d.length; i++) {
      if (d[i].className == 'log') {
        flip(d[i]);
      }
    }
  }
}

// -->
</script>

</head>
<body>
<h2 align='center'>Cucumber Tests</h2><table border='1' align="center">
<tr>
<td>Tests passed/Failed/Skipped:</td><td>10/4/0</td>
</tr><tr>
<td>Started on:</td><td>Tue Aug 19 12:22:22 IST 2025</td>
</tr>
<tr><td>Total time:</td><td>68 seconds (68333 ms)</td>
</tr><tr>
<td>Included groups:</td><td></td>
</tr><tr>
<td>Excluded groups:</td><td></td>
</tr>
</table><p/>
<small><i>(Hover the method name to see the test class name)</i></small><p/>
<table width='100%' border='1' class='invocation-failed'>
<tr><td colspan='4' align='center'><b>FAILED TESTS</b></td></tr>
<tr><td><b>Test method</b></td>
<td><b>Attribute(s)</b></td>
<td width="30%"><b>Exception</b></td>
<td width="10%"><b>Time (seconds)</b></td>
<td><b>Instance</b></td>
</tr>
<tr>
<td title='com.calltaxi.runners.TestRunner1.runScenario()'><b>runScenario</b><br>Test class: com.calltaxi.runners.TestRunner1<br>Test method: Runs Cucumber Scenarios<br>Parameters: "Error message for invalid data should be shown under "pickup time" field", "Booking Page UI and Functional Validation"</td>
<td><div><pre>java.lang.AssertionError: Validation failed for field: pickup time
	at org.junit.Assert.fail(Assert.java:89)
	at org.junit.Assert.assertTrue(Assert.java:42)
	at com.calltaxi.stepdefinitions.BookingStepsExcel.validate_error_under_field(BookingStepsExcel.java:119)
	at ✽.Error message &quot;Please enter a valid pickup time&quot; should be shown under &quot;pickup time&quot; field(file:///C:/Users/pande/Downloads/Sprint2New/Sprint2/CallTaxiAutomation/src/test/java/com/calltaxi/features/booking.feature:28)
</pre></div><a href='#' onClick='toggleBox("stack-trace1336922750", this, "Click to show all stack frames", "Click to hide stack frames")'>Click to show all stack frames</a>
<div class='stack-trace' id='stack-trace1336922750'><pre>java.lang.AssertionError: Validation failed for field: pickup time
	at org.junit.Assert.fail(Assert.java:89)
	at org.junit.Assert.assertTrue(Assert.java:42)
	at com.calltaxi.stepdefinitions.BookingStepsExcel.validate_error_under_field(BookingStepsExcel.java:119)
	at ✽.Error message &quot;Please enter a valid pickup time&quot; should be shown under &quot;pickup time&quot; field(file:///C:/Users/pande/Downloads/Sprint2New/Sprint2/CallTaxiAutomation/src/test/java/com/calltaxi/features/booking.feature:28)
</pre></div></td>
<td>5</td>
<td>com.calltaxi.runners.TestRunner1@6f45df59</td></tr>
<tr>
<td title='com.calltaxi.runners.TestRunner1.runScenario()'><b>runScenario</b><br>Test class: com.calltaxi.runners.TestRunner1<br>Test method: Runs Cucumber Scenarios<br>Parameters: "Error message for invalid data should be shown under "email" field", "Booking Page UI and Functional Validation"</td>
<td><div><pre>java.lang.AssertionError: Validation failed for field: email
	at org.junit.Assert.fail(Assert.java:89)
	at org.junit.Assert.assertTrue(Assert.java:42)
	at com.calltaxi.stepdefinitions.BookingStepsExcel.validate_error_under_field(BookingStepsExcel.java:119)
	at ✽.Error message &quot;Please enter a valid email&quot; should be shown under &quot;email&quot; field(file:///C:/Users/pande/Downloads/Sprint2New/Sprint2/CallTaxiAutomation/src/test/java/com/calltaxi/features/booking.feature:28)
</pre></div><a href='#' onClick='toggleBox("stack-trace1381730594", this, "Click to show all stack frames", "Click to hide stack frames")'>Click to show all stack frames</a>
<div class='stack-trace' id='stack-trace1381730594'><pre>java.lang.AssertionError: Validation failed for field: email
	at org.junit.Assert.fail(Assert.java:89)
	at org.junit.Assert.assertTrue(Assert.java:42)
	at com.calltaxi.stepdefinitions.BookingStepsExcel.validate_error_under_field(BookingStepsExcel.java:119)
	at ✽.Error message &quot;Please enter a valid email&quot; should be shown under &quot;email&quot; field(file:///C:/Users/pande/Downloads/Sprint2New/Sprint2/CallTaxiAutomation/src/test/java/com/calltaxi/features/booking.feature:28)
</pre></div></td>
<td>5</td>
<td>com.calltaxi.runners.TestRunner1@6f45df59</td></tr>
<tr>
<td title='com.calltaxi.runners.TestRunner1.runScenario()'><b>runScenario</b><br>Test class: com.calltaxi.runners.TestRunner1<br>Test method: Runs Cucumber Scenarios<br>Parameters: "Error message for invalid data should be shown under "name" field", "Booking Page UI and Functional Validation"</td>
<td><div><pre>java.lang.AssertionError: Validation failed for field: name
	at org.junit.Assert.fail(Assert.java:89)
	at org.junit.Assert.assertTrue(Assert.java:42)
	at com.calltaxi.stepdefinitions.BookingStepsExcel.validate_error_under_field(BookingStepsExcel.java:119)
	at ✽.Error message &quot;Please enter a valid name&quot; should be shown under &quot;name&quot; field(file:///C:/Users/pande/Downloads/Sprint2New/Sprint2/CallTaxiAutomation/src/test/java/com/calltaxi/features/booking.feature:28)
</pre></div><a href='#' onClick='toggleBox("stack-trace1959219756", this, "Click to show all stack frames", "Click to hide stack frames")'>Click to show all stack frames</a>
<div class='stack-trace' id='stack-trace1959219756'><pre>java.lang.AssertionError: Validation failed for field: name
	at org.junit.Assert.fail(Assert.java:89)
	at org.junit.Assert.assertTrue(Assert.java:42)
	at com.calltaxi.stepdefinitions.BookingStepsExcel.validate_error_under_field(BookingStepsExcel.java:119)
	at ✽.Error message &quot;Please enter a valid name&quot; should be shown under &quot;name&quot; field(file:///C:/Users/pande/Downloads/Sprint2New/Sprint2/CallTaxiAutomation/src/test/java/com/calltaxi/features/booking.feature:28)
</pre></div></td>
<td>5</td>
<td>com.calltaxi.runners.TestRunner1@6f45df59</td></tr>
<tr>
<td title='com.calltaxi.runners.TestRunner1.runScenario()'><b>runScenario</b><br>Test class: com.calltaxi.runners.TestRunner1<br>Test method: Runs Cucumber Scenarios<br>Parameters: "Error message for invalid data should be shown under "phone" field", "Booking Page UI and Functional Validation"</td>
<td><div><pre>java.lang.AssertionError: Validation failed for field: phone
	at org.junit.Assert.fail(Assert.java:89)
	at org.junit.Assert.assertTrue(Assert.java:42)
	at com.calltaxi.stepdefinitions.BookingStepsExcel.validate_error_under_field(BookingStepsExcel.java:119)
	at ✽.Error message &quot;Please enter a valid phone number&quot; should be shown under &quot;phone&quot; field(file:///C:/Users/pande/Downloads/Sprint2New/Sprint2/CallTaxiAutomation/src/test/java/com/calltaxi/features/booking.feature:28)
</pre></div><a href='#' onClick='toggleBox("stack-trace738772871", this, "Click to show all stack frames", "Click to hide stack frames")'>Click to show all stack frames</a>
<div class='stack-trace' id='stack-trace738772871'><pre>java.lang.AssertionError: Validation failed for field: phone
	at org.junit.Assert.fail(Assert.java:89)
	at org.junit.Assert.assertTrue(Assert.java:42)
	at com.calltaxi.stepdefinitions.BookingStepsExcel.validate_error_under_field(BookingStepsExcel.java:119)
	at ✽.Error message &quot;Please enter a valid phone number&quot; should be shown under &quot;phone&quot; field(file:///C:/Users/pande/Downloads/Sprint2New/Sprint2/CallTaxiAutomation/src/test/java/com/calltaxi/features/booking.feature:28)
</pre></div></td>
<td>5</td>
<td>com.calltaxi.runners.TestRunner1@6f45df59</td></tr>
</table><p>
<table width='100%' border='1' class='invocation-passed'>
<tr><td colspan='4' align='center'><b>PASSED TESTS</b></td></tr>
<tr><td><b>Test method</b></td>
<td><b>Attribute(s)</b></td>
<td width="30%"><b>Exception</b></td>
<td width="10%"><b>Time (seconds)</b></td>
<td><b>Instance</b></td>
</tr>
<tr>
<td title='com.calltaxi.runners.TestRunner1.runScenario()'><b>runScenario</b><br>Test class: com.calltaxi.runners.TestRunner1<br>Test method: Runs Cucumber Scenarios<br>Parameters: "Submit form with missing name", "Booking Page UI and Functional Validation"</td>
<td></td>
<td>4</td>
<td>com.calltaxi.runners.TestRunner1@6f45df59</td></tr>
<tr>
<td title='com.calltaxi.runners.TestRunner1.runScenario()'><b>runScenario</b><br>Test class: com.calltaxi.runners.TestRunner1<br>Test method: Runs Cucumber Scenarios<br>Parameters: "Verify that cab service link navigates to the correct page", "Service Page Cab Type Link Navigation"</td>
<td></td>
<td>2</td>
<td>com.calltaxi.runners.TestRunner1@6f45df59</td></tr>
<tr>
<td title='com.calltaxi.runners.TestRunner1.runScenario()'><b>runScenario</b><br>Test class: com.calltaxi.runners.TestRunner1<br>Test method: Runs Cucumber Scenarios<br>Parameters: "Verify that cab service link navigates to the correct page", "Service Page Cab Type Link Navigation"</td>
<td></td>
<td>2</td>
<td>com.calltaxi.runners.TestRunner1@6f45df59</td></tr>
<tr>
<td title='com.calltaxi.runners.TestRunner1.runScenario()'><b>runScenario</b><br>Test class: com.calltaxi.runners.TestRunner1<br>Test method: Runs Cucumber Scenarios<br>Parameters: "Submit form with all valid data", "Booking Page UI and Functional Validation"</td>
<td></td>
<td>10</td>
<td>com.calltaxi.runners.TestRunner1@6f45df59</td></tr>
<tr>
<td title='com.calltaxi.runners.TestRunner1.runScenario()'><b>runScenario</b><br>Test class: com.calltaxi.runners.TestRunner1<br>Test method: Runs Cucumber Scenarios<br>Parameters: "Submit form with missing trip type", "Booking Page UI and Functional Validation"</td>
<td></td>
<td>4</td>
<td>com.calltaxi.runners.TestRunner1@6f45df59</td></tr>
<tr>
<td title='com.calltaxi.runners.TestRunner1.runScenario()'><b>runScenario</b><br>Test class: com.calltaxi.runners.TestRunner1<br>Test method: Runs Cucumber Scenarios<br>Parameters: "Submit form with missing number of passengers", "Booking Page UI and Functional Validation"</td>
<td></td>
<td>4</td>
<td>com.calltaxi.runners.TestRunner1@6f45df59</td></tr>
<tr>
<td title='com.calltaxi.runners.TestRunner1.runScenario()'><b>runScenario</b><br>Test class: com.calltaxi.runners.TestRunner1<br>Test method: Runs Cucumber Scenarios<br>Parameters: "Verify that cab service link navigates to the correct page", "Service Page Cab Type Link Navigation"</td>
<td></td>
<td>2</td>
<td>com.calltaxi.runners.TestRunner1@6f45df59</td></tr>
<tr>
<td title='com.calltaxi.runners.TestRunner1.runScenario()'><b>runScenario</b><br>Test class: com.calltaxi.runners.TestRunner1<br>Test method: Runs Cucumber Scenarios<br>Parameters: "Booking with row 1 from Excel data", "Booking Page UI and Functional Validation"</td>
<td></td>
<td>4</td>
<td>com.calltaxi.runners.TestRunner1@6f45df59</td></tr>
<tr>
<td title='com.calltaxi.runners.TestRunner1.runScenario()'><b>runScenario</b><br>Test class: com.calltaxi.runners.TestRunner1<br>Test method: Runs Cucumber Scenarios<br>Parameters: "Verify that cab service link navigates to the correct page", "Service Page Cab Type Link Navigation"</td>
<td></td>
<td>2</td>
<td>com.calltaxi.runners.TestRunner1@6f45df59</td></tr>
<tr>
<td title='com.calltaxi.runners.TestRunner1.runScenario()'><b>runScenario</b><br>Test class: com.calltaxi.runners.TestRunner1<br>Test method: Runs Cucumber Scenarios<br>Parameters: "Booking with row 0 from Excel data", "Booking Page UI and Functional Validation"</td>
<td></td>
<td>5</td>
<td>com.calltaxi.runners.TestRunner1@6f45df59</td></tr>
</table><p>
</body>
</html>