<?xml version="1.0" encoding="UTF-8"?>
<!-- Generated by org.testng.reporters.JUnitReportReporter -->
<testsuite hostname="DivyanshPC" failures="4" tests="14" name="com.calltaxi.runners.TestRunner1" time="65.518" errors="0" timestamp="2025-08-19T12:23:30 IST" skipped="0">
  <testcase classname="com.calltaxi.runners.TestRunner1" name="runScenario" time="2.918"/>
  <testcase classname="com.calltaxi.runners.TestRunner1" name="runScenario" time="2.764"/>
  <testcase classname="com.calltaxi.runners.TestRunner1" name="runScenario" time="4.370"/>
  <testcase classname="com.calltaxi.runners.TestRunner1" name="runScenario" time="2.850"/>
  <testcase classname="com.calltaxi.runners.TestRunner1" name="runScenario" time="5.313">
    <failure message="Validation failed for field: name" type="java.lang.AssertionError">
      <![CDATA[java.lang.AssertionError: Validation failed for field: name
at org.junit.Assert.fail(Assert.java:89)
at org.junit.Assert.assertTrue(Assert.java:42)
at com.calltaxi.stepdefinitions.BookingStepsExcel.validate_error_under_field(BookingStepsExcel.java:119)
at ✽.Error message "Please enter a valid name" should be shown under "name" field(file:///C:/Users/pande/Downloads/Sprint2New/Sprint2/CallTaxiAutomation/src/test/java/com/calltaxi/features/booking.feature:28)
]]>
    </failure>
  </testcase> <!-- runScenario -->
  <testcase classname="com.calltaxi.runners.TestRunner1" name="runScenario" time="2.741"/>
  <testcase classname="com.calltaxi.runners.TestRunner1" name="runScenario" time="5.810"/>
  <testcase classname="com.calltaxi.runners.TestRunner1" name="runScenario" time="5.075">
    <failure message="Validation failed for field: phone" type="java.lang.AssertionError">
      <![CDATA[java.lang.AssertionError: Validation failed for field: phone
at org.junit.Assert.fail(Assert.java:89)
at org.junit.Assert.assertTrue(Assert.java:42)
at com.calltaxi.stepdefinitions.BookingStepsExcel.validate_error_under_field(BookingStepsExcel.java:119)
at ✽.Error message "Please enter a valid phone number" should be shown under "phone" field(file:///C:/Users/pande/Downloads/Sprint2New/Sprint2/CallTaxiAutomation/src/test/java/com/calltaxi/features/booking.feature:28)
]]>
    </failure>
  </testcase> <!-- runScenario -->
  <testcase classname="com.calltaxi.runners.TestRunner1" name="runScenario" time="5.119">
    <failure message="Validation failed for field: pickup time" type="java.lang.AssertionError">
      <![CDATA[java.lang.AssertionError: Validation failed for field: pickup time
at org.junit.Assert.fail(Assert.java:89)
at org.junit.Assert.assertTrue(Assert.java:42)
at com.calltaxi.stepdefinitions.BookingStepsExcel.validate_error_under_field(BookingStepsExcel.java:119)
at ✽.Error message "Please enter a valid pickup time" should be shown under "pickup time" field(file:///C:/Users/pande/Downloads/Sprint2New/Sprint2/CallTaxiAutomation/src/test/java/com/calltaxi/features/booking.feature:28)
]]>
    </failure>
  </testcase> <!-- runScenario -->
  <testcase classname="com.calltaxi.runners.TestRunner1" name="runScenario" time="4.214"/>
  <testcase classname="com.calltaxi.runners.TestRunner1" name="runScenario" time="10.914"/>
  <testcase classname="com.calltaxi.runners.TestRunner1" name="runScenario" time="5.112">
    <failure message="Validation failed for field: email" type="java.lang.AssertionError">
      <![CDATA[java.lang.AssertionError: Validation failed for field: email
at org.junit.Assert.fail(Assert.java:89)
at org.junit.Assert.assertTrue(Assert.java:42)
at com.calltaxi.stepdefinitions.BookingStepsExcel.validate_error_under_field(BookingStepsExcel.java:119)
at ✽.Error message "Please enter a valid email" should be shown under "email" field(file:///C:/Users/pande/Downloads/Sprint2New/Sprint2/CallTaxiAutomation/src/test/java/com/calltaxi/features/booking.feature:28)
]]>
    </failure>
  </testcase> <!-- runScenario -->
  <testcase classname="com.calltaxi.runners.TestRunner1" name="runScenario" time="4.087"/>
  <testcase classname="com.calltaxi.runners.TestRunner1" name="runScenario" time="4.231"/>
</testsuite> <!-- com.calltaxi.runners.TestRunner1 -->
