<?xml version="1.0" encoding="UTF-8"?>
<!-- Generated by org.testng.reporters.JUnitReportReporter -->
<testsuite hostname="DivyanshPC" failures="4" tests="14" name="com.calltaxi.runners.TestRunner1" time="37.987" errors="0" timestamp="2025-08-19T13:27:07 IST" skipped="0">
  <testcase classname="com.calltaxi.runners.TestRunner1" name="runScenario" time="2.498"/>
  <testcase classname="com.calltaxi.runners.TestRunner1" name="runScenario" time="2.598"/>
  <testcase classname="com.calltaxi.runners.TestRunner1" name="runScenario" time="2.973">
    <failure message="Validation failed for field: email" type="java.lang.AssertionError">
      <![CDATA[java.lang.AssertionError: Validation failed for field: email
at org.junit.Assert.fail(Assert.java:89)
at org.junit.Assert.assertTrue(Assert.java:42)
at com.calltaxi.stepdefinitions.BookingStepsExcel.validate_error_under_field(BookingStepsExcel.java:119)
at ✽.Error message "Please enter a valid email" should be shown under "email" field(file:///C:/Users/pande/Downloads/Sprint2New/Sprint2/CallTaxiAutomation/src/test/java/com/calltaxi/features/booking.feature:28)
]]>
    </failure>
  </testcase> <!-- runScenario -->
  <testcase classname="com.calltaxi.runners.TestRunner1" name="runScenario" time="2.401"/>
  <testcase classname="com.calltaxi.runners.TestRunner1" name="runScenario" time="1.575"/>
  <testcase classname="com.calltaxi.runners.TestRunner1" name="runScenario" time="2.978">
    <failure message="Validation failed for field: pickup time" type="java.lang.AssertionError">
      <![CDATA[java.lang.AssertionError: Validation failed for field: pickup time
at org.junit.Assert.fail(Assert.java:89)
at org.junit.Assert.assertTrue(Assert.java:42)
at com.calltaxi.stepdefinitions.BookingStepsExcel.validate_error_under_field(BookingStepsExcel.java:119)
at ✽.Error message "Please enter a valid pickup time" should be shown under "pickup time" field(file:///C:/Users/pande/Downloads/Sprint2New/Sprint2/CallTaxiAutomation/src/test/java/com/calltaxi/features/booking.feature:28)
]]>
    </failure>
  </testcase> <!-- runScenario -->
  <testcase classname="com.calltaxi.runners.TestRunner1" name="runScenario" time="2.280"/>
  <testcase classname="com.calltaxi.runners.TestRunner1" name="runScenario" time="3.357"/>
  <testcase classname="com.calltaxi.runners.TestRunner1" name="runScenario" time="1.631"/>
  <testcase classname="com.calltaxi.runners.TestRunner1" name="runScenario" time="6.412"/>
  <testcase classname="com.calltaxi.runners.TestRunner1" name="runScenario" time="1.792"/>
  <testcase classname="com.calltaxi.runners.TestRunner1" name="runScenario" time="2.826">
    <failure message="Validation failed for field: name" type="java.lang.AssertionError">
      <![CDATA[java.lang.AssertionError: Validation failed for field: name
at org.junit.Assert.fail(Assert.java:89)
at org.junit.Assert.assertTrue(Assert.java:42)
at com.calltaxi.stepdefinitions.BookingStepsExcel.validate_error_under_field(BookingStepsExcel.java:119)
at ✽.Error message "Please enter a valid name" should be shown under "name" field(file:///C:/Users/pande/Downloads/Sprint2New/Sprint2/CallTaxiAutomation/src/test/java/com/calltaxi/features/booking.feature:28)
]]>
    </failure>
  </testcase> <!-- runScenario -->
  <testcase classname="com.calltaxi.runners.TestRunner1" name="runScenario" time="1.805"/>
  <testcase classname="com.calltaxi.runners.TestRunner1" name="runScenario" time="2.861">
    <failure message="Validation failed for field: phone" type="java.lang.AssertionError">
      <![CDATA[java.lang.AssertionError: Validation failed for field: phone
at org.junit.Assert.fail(Assert.java:89)
at org.junit.Assert.assertTrue(Assert.java:42)
at com.calltaxi.stepdefinitions.BookingStepsExcel.validate_error_under_field(BookingStepsExcel.java:119)
at ✽.Error message "Please enter a valid phone number" should be shown under "phone" field(file:///C:/Users/pande/Downloads/Sprint2New/Sprint2/CallTaxiAutomation/src/test/java/com/calltaxi/features/booking.feature:28)
]]>
    </failure>
  </testcase> <!-- runScenario -->
</testsuite> <!-- com.calltaxi.runners.TestRunner1 -->
